Log file open, 03/17/20 01:47:49
LogWindows: Failed to load 'aqProf.dll' (GetLastError=126)
LogWindows: File 'aqProf.dll' does not exist
LogWindows: Failed to load 'VtuneApi.dll' (GetLastError=126)
LogWindows: File 'VtuneApi.dll' does not exist
LogWindows: Failed to load 'VtuneApi32e.dll' (GetLastError=126)
LogWindows: File 'VtuneApi32e.dll' does not exist
LogConsoleResponse: Display: Failed to find resolution value strings in scalability ini. Falling back to default.
LogInit: Display: Running engine for game: BA2b
LogPlatformFile: Not using cached read wrapper
LogTaskGraph: Started task graph with 5 named threads and 47 total threads with 3 sets of task threads.
LogStats: Stats thread started at 0.056281
LogD3D11RHI: Loaded GFSDK_Aftermath_Lib.x64.dll
LogICUInternationalization: ICU TimeZone Detection - Raw Offset: +0:00, Platform Override: ''
LogPluginManager: Mounting plugin Paper2D
LogPluginManager: Mounting plugin AISupport
LogPluginManager: Mounting plugin LightPropagationVolume
LogPluginManager: Mounting plugin ActorLayerUtilities
LogPluginManager: Mounting plugin AnimationSharing
LogPluginManager: Mounting plugin CLionSourceCodeAccess
LogPluginManager: Mounting plugin CodeLiteSourceCodeAccess
LogPluginManager: Mounting plugin GitSourceControl
LogPluginManager: Mounting plugin KDevelopSourceCodeAccess
LogPluginManager: Mounting plugin NullSourceCodeAccess
LogPluginManager: Mounting plugin PerforceSourceControl
LogPluginManager: Mounting plugin SubversionSourceControl
LogPluginManager: Mounting plugin UObjectPlugin
LogPluginManager: Mounting plugin VisualStudioCodeSourceCodeAccess
LogPluginManager: Mounting plugin VisualStudioSourceCodeAccess
LogPluginManager: Mounting plugin XCodeSourceCodeAccess
LogPluginManager: Mounting plugin AssetManagerEditor
LogPluginManager: Mounting plugin CryptoKeys
LogPluginManager: Mounting plugin CurveEditorTools
LogPluginManager: Mounting plugin DataValidation
LogPluginManager: Mounting plugin FacialAnimation
LogPluginManager: Mounting plugin GameplayTagsEditor
LogPluginManager: Mounting plugin MacGraphicsSwitching
LogPluginManager: Mounting plugin MaterialAnalyzer
LogPluginManager: Mounting plugin MobileLauncherProfileWizard
LogPluginManager: Mounting plugin PluginBrowser
LogPluginManager: Mounting plugin SpeedTreeImporter
LogPluginManager: Mounting plugin DatasmithContent
LogPluginManager: Mounting plugin VariantManagerContent
LogPluginManager: Mounting plugin AlembicImporter
LogPluginManager: Mounting plugin AutomationUtils
LogPluginManager: Mounting plugin BackChannel
LogPluginManager: Mounting plugin CharacterAI
LogPluginManager: Mounting plugin GeometryCache
LogPluginManager: Mounting plugin HTML5Networking
LogPluginManager: Mounting plugin PlatformCrypto
LogPluginManager: Mounting plugin ProxyLODPlugin
LogPluginManager: Mounting plugin SkeletalReduction
LogPluginManager: Mounting plugin MagicLeap
LogPluginManager: Mounting plugin MagicLeapMedia
LogPluginManager: Mounting plugin AndroidMedia
LogPluginManager: Mounting plugin AvfMedia
LogPluginManager: Mounting plugin ImgMedia
LogPluginManager: Mounting plugin MediaCompositing
LogPluginManager: Mounting plugin MediaPlayerEditor
LogPluginManager: Mounting plugin WebMMedia
LogPluginManager: Mounting plugin WmfMedia
LogPluginManager: Mounting plugin TcpMessaging
LogPluginManager: Mounting plugin UdpMessaging
LogPluginManager: Mounting plugin ActorSequence
LogPluginManager: Mounting plugin LevelSequenceEditor
LogPluginManager: Mounting plugin MatineeToLevelSequence
LogPluginManager: Mounting plugin NetcodeUnitTest
LogPluginManager: Mounting plugin NUTUnrealEngine4
LogPluginManager: Mounting plugin OnlineSubsystemGooglePlay
LogPluginManager: Mounting plugin OnlineSubsystemIOS
LogPluginManager: Mounting plugin OnlineSubsystem
LogPluginManager: Mounting plugin OnlineSubsystemNull
LogPluginManager: Mounting plugin OnlineSubsystemUtils
LogPluginManager: Mounting plugin LauncherChunkInstaller
LogPluginManager: Mounting plugin AndroidDeviceProfileSelector
LogPluginManager: Mounting plugin AndroidMoviePlayer
LogPluginManager: Mounting plugin AndroidPermission
LogPluginManager: Mounting plugin AppleImageUtils
LogPluginManager: Mounting plugin AppleMoviePlayer
LogPluginManager: Mounting plugin ArchVisCharacter
LogPluginManager: Mounting plugin AudioCapture
LogPluginManager: Mounting plugin CableComponent
LogPluginManager: Mounting plugin CustomMeshComponent
LogPluginManager: Mounting plugin EditableMesh
LogPluginManager: Mounting plugin ExampleDeviceProfileSelector
LogPluginManager: Mounting plugin GoogleCloudMessaging
LogPluginManager: Mounting plugin IOSDeviceProfileSelector
LogPluginManager: Mounting plugin LinuxDeviceProfileSelector
LogPluginManager: Mounting plugin LocationServicesBPLibrary
LogPluginManager: Mounting plugin MobilePatchingUtils
LogPluginManager: Mounting plugin OculusVR
LogPluginManager: Mounting plugin PhysXVehicles
LogPluginManager: Mounting plugin ProceduralMeshComponent
LogPluginManager: Mounting plugin RuntimePhysXCooking
LogPluginManager: Mounting plugin SignificanceManager
LogPluginManager: Mounting plugin SteamVR
LogPluginManager: Mounting plugin WebMMoviePlayer
LogPluginManager: Mounting plugin WindowsMoviePlayer
LogPluginManager: Mounting plugin ScreenshotTools
LogInit: Using libcurl 7.55.1-DEV
LogInit:  - built for x86_64-pc-win32
LogInit:  - supports SSL with OpenSSL/1.1.1
LogInit:  - supports HTTP deflate (compression) using libz 1.2.8
LogInit:  - other features:
LogInit:      CURL_VERSION_SSL
LogInit:      CURL_VERSION_LIBZ
LogInit:      CURL_VERSION_IPV6
LogInit:      CURL_VERSION_ASYNCHDNS
LogInit:      CURL_VERSION_LARGEFILE
LogInit:      CURL_VERSION_IDN
LogInit:  CurlRequestOptions (configurable via config and command line):
LogInit:  - bVerifyPeer = true  - Libcurl will verify peer certificate
LogInit:  - bUseHttpProxy = false  - Libcurl will NOT use HTTP proxy
LogInit:  - bDontReuseConnections = false  - Libcurl will reuse connections
LogInit:  - MaxHostConnections = 16  - Libcurl will limit the number of connections to a host
LogInit:  - LocalHostAddr = Default
LogInit:  - BufferSize = 65536
LogOnline: OSS: Creating online subsystem instance for: NULL
LogInit: WinSock: version 1.1 (2.2), MaxSocks=32767, MaxUdp=65467
LogInit: Build: ++UE4+Release-4.23-CL-9631420
LogInit: Engine Version: 4.23.1-9631420+++UE4+Release-4.23
LogInit: Compatible Engine Version: 4.23.0-8386587+++UE4+Release-4.23
LogInit: Net CL: 8386587
LogInit: OS: Windows 10 (Release 1909) (), CPU: AMD Ryzen 7 3800X 8-Core Processor             , GPU: NVIDIA GeForce GTX 1660 SUPER
LogInit: Compiled (64-bit): Oct 18 2019 02:07:44
LogInit: Compiled with Visual C++: 19.16.27030.01
LogInit: Build Configuration: Development
LogInit: Branch Name: ++UE4+Release-4.23
LogInit: Command Line: 
LogInit: Base Directory: D:/Program Files/Epic/UE_4.23/Engine/Binaries/Win64/
LogInit: Installed Engine Build: 1
LogDevObjectVersion: Number of dev versions registered: 23
LogDevObjectVersion:   Dev-Blueprints (B0D832E4-1F89-4F0D-ACCF-7EB736FD4AA2): 10
LogDevObjectVersion:   Dev-Build (E1C64328-A22C-4D53-A36C-8E866417BD8C): 0
LogDevObjectVersion:   Dev-Core (375EC13C-06E4-48FB-B500-84F0262A717E): 3
LogDevObjectVersion:   Dev-Editor (E4B068ED-F494-42E9-A231-DA0B2E46BB41): 34
LogDevObjectVersion:   Dev-Framework (CFFC743F-43B0-4480-9391-14DF171D2073): 35
LogDevObjectVersion:   Dev-Mobile (B02B49B5-BB20-44E9-A304-32B752E40360): 2
LogDevObjectVersion:   Dev-Networking (A4E4105C-59A1-49B5-A7C5-40C4547EDFEE): 0
LogDevObjectVersion:   Dev-Online (39C831C9-5AE6-47DC-9A44-9C173E1C8E7C): 0
LogDevObjectVersion:   Dev-Physics (78F01B33-EBEA-4F98-B9B4-84EACCB95AA2): 0
LogDevObjectVersion:   Dev-Platform (6631380F-2D4D-43E0-8009-CF276956A95A): 0
LogDevObjectVersion:   Dev-Rendering (12F88B9F-8875-4AFC-A67C-D90C383ABD29): 31
LogDevObjectVersion:   Dev-Sequencer (7B5AE74C-D270-4C10-A958-57980B212A5A): 11
LogDevObjectVersion:   Dev-VR (D7296918-1DD6-4BDD-9DE2-64A83CC13884): 2
LogDevObjectVersion:   Dev-LoadTimes (C2A15278-BFE7-4AFE-6C17-90FF531DF755): 1
LogDevObjectVersion:   Private-Geometry (6EACA3D4-40EC-4CC1-B786-8BED09428FC5): 3
LogDevObjectVersion:   Dev-AnimPhys (29E575DD-E0A3-4627-9D10-D276232CDCEA): 17
LogDevObjectVersion:   Dev-Anim (AF43A65D-7FD3-4947-9873-3E8ED9C1BB05): 2
LogDevObjectVersion:   Dev-ReflectionCapture (6B266CEC-1EC7-4B8F-A30B-E4D90942FC07): 1
LogDevObjectVersion:   Dev-Automation (0DF73D61-A23F-47EA-B727-89E90C41499A): 1
LogDevObjectVersion:   FortniteMain (601D1886-AC64-4F84-AA16-D3DE0DEAC7D6): 27
LogDevObjectVersion:   Dev-Enterprise (9DFFBCD6-494F-0158-E221-12823C92A888): 6
LogDevObjectVersion:   Dev-Niagara (F2AED0AC-9AFE-416F-8664-AA7FFA26D6FC): 1
LogDevObjectVersion:   Dev-Destruction (174F1F0B-B4C6-45A5-B13F-2EE8D0FB917D): 9
LogInit: Presizing for max 16777216 objects, including 0 objects not considered by GC, pre-allocating 0 bytes for permanent pool.
LogInit: Object subsystem initialized
LogConfig: Setting CVar [[con.DebugEarlyDefault:1]]
LogConfig: Setting CVar [[r.setres:1280x720]]
[2020.03.17-01.47.49:544][  0]LogConfig: Setting CVar [[r.VSync:0]]
[2020.03.17-01.47.49:544][  0]LogConfig: Setting CVar [[r.RHICmdBypass:0]]
[2020.03.17-01.47.49:544][  0]LogConfig: Applying CVar settings from Section [/Script/Engine.RendererSettings] File [E:/BA2b Dump/Harry-Trash/Saved/Config/Windows/Engine.ini]
[2020.03.17-01.47.49:544][  0]LogConfig: Setting CVar [[r.GPUCrashDebugging:0]]
[2020.03.17-01.47.49:544][  0]LogConfig: Setting CVar [[r.DefaultFeature.AutoExposure.ExtendDefaultLuminanceRange:1]]
[2020.03.17-01.47.49:544][  0]LogConfig: Setting CVar [[r.GenerateMeshDistanceFields:1]]
[2020.03.17-01.47.49:545][  0]LogConfig: Applying CVar settings from Section [/Script/Engine.RendererOverrideSettings] File [E:/BA2b Dump/Harry-Trash/Saved/Config/Windows/Engine.ini]
[2020.03.17-01.47.49:545][  0]LogConfig: Applying CVar settings from Section [/Script/Engine.StreamingSettings] File [E:/BA2b Dump/Harry-Trash/Saved/Config/Windows/Engine.ini]
[2020.03.17-01.47.49:545][  0]LogConfig: Setting CVar [[s.MinBulkDataSizeForAsyncLoading:131072]]
[2020.03.17-01.47.49:545][  0]LogConfig: Setting CVar [[s.AsyncLoadingThreadEnabled:0]]
[2020.03.17-01.47.49:545][  0]LogConfig: Setting CVar [[s.EventDrivenLoaderEnabled:1]]
[2020.03.17-01.47.49:545][  0]LogConfig: Setting CVar [[s.WarnIfTimeLimitExceeded:0]]
[2020.03.17-01.47.49:545][  0]LogConfig: Setting CVar [[s.TimeLimitExceededMultiplier:1.5]]
[2020.03.17-01.47.49:545][  0]LogConfig: Setting CVar [[s.TimeLimitExceededMinTime:0.005]]
[2020.03.17-01.47.49:545][  0]LogConfig: Setting CVar [[s.UseBackgroundLevelStreaming:1]]
[2020.03.17-01.47.49:545][  0]LogConfig: Setting CVar [[s.PriorityAsyncLoadingExtraTime:15.0]]
[2020.03.17-01.47.49:545][  0]LogConfig: Setting CVar [[s.LevelStreamingActorsUpdateTimeLimit:5.0]]
[2020.03.17-01.47.49:545][  0]LogConfig: Setting CVar [[s.PriorityLevelStreamingActorsUpdateExtraTime:5.0]]
[2020.03.17-01.47.49:545][  0]LogConfig: Setting CVar [[s.LevelStreamingComponentsRegistrationGranularity:10]]
[2020.03.17-01.47.49:545][  0]LogConfig: Setting CVar [[s.UnregisterComponentsTimeLimit:1.0]]
[2020.03.17-01.47.49:545][  0]LogConfig: Setting CVar [[s.LevelStreamingComponentsUnregistrationGranularity:5]]
[2020.03.17-01.47.49:545][  0]LogConfig: Applying CVar settings from Section [/Script/Engine.GarbageCollectionSettings] File [E:/BA2b Dump/Harry-Trash/Saved/Config/Windows/Engine.ini]
[2020.03.17-01.47.49:545][  0]LogConfig: Setting CVar [[gc.MaxObjectsNotConsideredByGC:1]]
[2020.03.17-01.47.49:545][  0]LogConfig: Setting CVar [[gc.SizeOfPermanentObjectPool:0]]
[2020.03.17-01.47.49:545][  0]LogConfig: Setting CVar [[gc.FlushStreamingOnGC:0]]
[2020.03.17-01.47.49:545][  0]LogConfig: Setting CVar [[gc.NumRetriesBeforeForcingGC:10]]
[2020.03.17-01.47.49:545][  0]LogConfig: Setting CVar [[gc.AllowParallelGC:1]]
[2020.03.17-01.47.49:545][  0]LogConfig: Setting CVar [[gc.TimeBetweenPurgingPendingKillObjects:61.1]]
[2020.03.17-01.47.49:545][  0]LogConfig: Setting CVar [[gc.MaxObjectsInEditor:16777216]]
[2020.03.17-01.47.49:545][  0]LogConfig: Setting CVar [[gc.IncrementalBeginDestroyEnabled:1]]
[2020.03.17-01.47.49:545][  0]LogConfig: Setting CVar [[gc.CreateGCClusters:1]]
[2020.03.17-01.47.49:545][  0]LogConfig: Setting CVar [[gc.MinGCClusterSize:5]]
[2020.03.17-01.47.49:545][  0]LogConfig: Setting CVar [[gc.ActorClusteringEnabled:0]]
[2020.03.17-01.47.49:545][  0]LogConfig: Setting CVar [[gc.BlueprintClusteringEnabled:0]]
[2020.03.17-01.47.49:545][  0]LogConfig: Setting CVar [[gc.UseDisregardForGCOnDedicatedServers:0]]
[2020.03.17-01.47.49:545][  0]LogConfig: Applying CVar settings from Section [/Script/Engine.NetworkSettings] File [E:/BA2b Dump/Harry-Trash/Saved/Config/Windows/Engine.ini]
[2020.03.17-01.47.49:545][  0]LogConfig: Applying CVar settings from Section [/Script/UnrealEd.CookerSettings] File [E:/BA2b Dump/Harry-Trash/Saved/Config/Windows/Engine.ini]
[2020.03.17-01.47.49:548][  0]LogConfig: Applying CVar settings from Section [ViewDistanceQuality@3] File [E:/BA2b Dump/Harry-Trash/Saved/Config/Windows/Scalability.ini]
[2020.03.17-01.47.49:548][  0]LogConfig: Setting CVar [[r.SkeletalMeshLODBias:0]]
[2020.03.17-01.47.49:548][  0]LogConfig: Setting CVar [[r.ViewDistanceScale:1.0]]
[2020.03.17-01.47.49:548][  0]LogConfig: Applying CVar settings from Section [AntiAliasingQuality@3] File [E:/BA2b Dump/Harry-Trash/Saved/Config/Windows/Scalability.ini]
[2020.03.17-01.47.49:548][  0]LogConfig: Setting CVar [[r.PostProcessAAQuality:4]]
[2020.03.17-01.47.49:548][  0]LogConfig: Applying CVar settings from Section [ShadowQuality@3] File [E:/BA2b Dump/Harry-Trash/Saved/Config/Windows/Scalability.ini]
[2020.03.17-01.47.49:548][  0]LogConfig: Setting CVar [[r.LightFunctionQuality:1]]
[2020.03.17-01.47.49:548][  0]LogConfig: Setting CVar [[r.ShadowQuality:5]]
[2020.03.17-01.47.49:548][  0]LogConfig: Setting CVar [[r.Shadow.CSM.MaxCascades:10]]
[2020.03.17-01.47.49:548][  0]LogConfig: Setting CVar [[r.Shadow.MaxResolution:2048]]
[2020.03.17-01.47.49:548][  0]LogConfig: Setting CVar [[r.Shadow.MaxCSMResolution:2048]]
[2020.03.17-01.47.49:548][  0]LogConfig: Setting CVar [[r.Shadow.RadiusThreshold:0.01]]
[2020.03.17-01.47.49:548][  0]LogConfig: Setting CVar [[r.Shadow.DistanceScale:1.0]]
[2020.03.17-01.47.49:548][  0]LogConfig: Setting CVar [[r.Shadow.CSM.TransitionScale:1.0]]
[2020.03.17-01.47.49:548][  0]LogConfig: Setting CVar [[r.Shadow.PreShadowResolutionFactor:1.0]]
[2020.03.17-01.47.49:548][  0]LogConfig: Setting CVar [[r.DistanceFieldShadowing:1]]
[2020.03.17-01.47.49:548][  0]LogConfig: Setting CVar [[r.DistanceFieldAO:1]]
[2020.03.17-01.47.49:548][  0]LogConfig: Setting CVar [[r.AOQuality:2]]
[2020.03.17-01.47.49:548][  0]LogConfig: Setting CVar [[r.VolumetricFog:1]]
[2020.03.17-01.47.49:548][  0]LogConfig: Setting CVar [[r.VolumetricFog.GridPixelSize:8]]
[2020.03.17-01.47.49:549][  0]LogConfig: Setting CVar [[r.VolumetricFog.GridSizeZ:128]]
[2020.03.17-01.47.49:549][  0]LogConfig: Setting CVar [[r.VolumetricFog.HistoryMissSupersampleCount:4]]
[2020.03.17-01.47.49:549][  0]LogConfig: Setting CVar [[r.LightMaxDrawDistanceScale:1]]
[2020.03.17-01.47.49:549][  0]LogConfig: Setting CVar [[r.CapsuleShadows:1]]
[2020.03.17-01.47.49:549][  0]LogConfig: Applying CVar settings from Section [PostProcessQuality@3] File [E:/BA2b Dump/Harry-Trash/Saved/Config/Windows/Scalability.ini]
[2020.03.17-01.47.49:549][  0]LogConfig: Setting CVar [[r.MotionBlurQuality:4]]
[2020.03.17-01.47.49:549][  0]LogConfig: Setting CVar [[r.AmbientOcclusionMipLevelFactor:0.4]]
[2020.03.17-01.47.49:549][  0]LogConfig: Setting CVar [[r.AmbientOcclusionMaxQuality:100]]
[2020.03.17-01.47.49:549][  0]LogConfig: Setting CVar [[r.AmbientOcclusionLevels:-1]]
[2020.03.17-01.47.49:549][  0]LogConfig: Setting CVar [[r.AmbientOcclusionRadiusScale:1.0]]
[2020.03.17-01.47.49:549][  0]LogConfig: Setting CVar [[r.DepthOfFieldQuality:2]]
[2020.03.17-01.47.49:549][  0]LogConfig: Setting CVar [[r.RenderTargetPoolMin:400]]
[2020.03.17-01.47.49:549][  0]LogConfig: Setting CVar [[r.LensFlareQuality:2]]
[2020.03.17-01.47.49:549][  0]LogConfig: Setting CVar [[r.SceneColorFringeQuality:1]]
[2020.03.17-01.47.49:549][  0]LogConfig: Setting CVar [[r.EyeAdaptationQuality:2]]
[2020.03.17-01.47.49:549][  0]LogConfig: Setting CVar [[r.BloomQuality:5]]
[2020.03.17-01.47.49:549][  0]LogConfig: Setting CVar [[r.FastBlurThreshold:100]]
[2020.03.17-01.47.49:549][  0]LogConfig: Setting CVar [[r.Upscale.Quality:3]]
[2020.03.17-01.47.49:549][  0]LogConfig: Setting CVar [[r.Tonemapper.GrainQuantization:1]]
[2020.03.17-01.47.49:549][  0]LogConfig: Setting CVar [[r.LightShaftQuality:1]]
[2020.03.17-01.47.49:549][  0]LogConfig: Setting CVar [[r.Filter.SizeScale:1]]
[2020.03.17-01.47.49:549][  0]LogConfig: Setting CVar [[r.Tonemapper.Quality:5]]
[2020.03.17-01.47.49:549][  0]LogConfig: Setting CVar [[r.DOF.Gather.AccumulatorQuality:1        ; higher gathering accumulator quality]]
[2020.03.17-01.47.49:549][  0]LogConfig: Setting CVar [[r.DOF.Gather.PostfilterMethod:1          ; Median3x3 postfilering method]]
[2020.03.17-01.47.49:549][  0]LogConfig: Setting CVar [[r.DOF.Gather.EnableBokehSettings:0       ; no bokeh simulation when gathering]]
[2020.03.17-01.47.49:549][  0]LogConfig: Setting CVar [[r.DOF.Gather.RingCount:4                 ; medium number of samples when gathering]]
[2020.03.17-01.47.49:549][  0]LogConfig: Setting CVar [[r.DOF.Scatter.ForegroundCompositing:1    ; additive foreground scattering]]
[2020.03.17-01.47.49:549][  0]LogConfig: Setting CVar [[r.DOF.Scatter.BackgroundCompositing:2    ; additive background scattering]]
[2020.03.17-01.47.49:549][  0]LogConfig: Setting CVar [[r.DOF.Scatter.EnableBokehSettings:1      ; bokeh simulation when scattering]]
[2020.03.17-01.47.49:549][  0]LogConfig: Setting CVar [[r.DOF.Scatter.MaxSpriteRatio:0.1         ; only a maximum of 10% of scattered bokeh]]
[2020.03.17-01.47.49:549][  0]LogConfig: Setting CVar [[r.DOF.Recombine.Quality:1                ; cheap slight out of focus]]
[2020.03.17-01.47.49:549][  0]LogConfig: Setting CVar [[r.DOF.Recombine.EnableBokehSettings:0    ; no bokeh simulation on slight out of focus]]
[2020.03.17-01.47.49:549][  0]LogConfig: Setting CVar [[r.DOF.TemporalAAQuality:1                ; more stable temporal accumulation]]
[2020.03.17-01.47.49:549][  0]LogConfig: Setting CVar [[r.DOF.Kernel.MaxForegroundRadius:0.025]]
[2020.03.17-01.47.49:549][  0]LogConfig: Setting CVar [[r.DOF.Kernel.MaxBackgroundRadius:0.025]]
[2020.03.17-01.47.49:549][  0]LogConfig: Applying CVar settings from Section [TextureQuality@3] File [E:/BA2b Dump/Harry-Trash/Saved/Config/Windows/Scalability.ini]
[2020.03.17-01.47.49:549][  0]LogConfig: Setting CVar [[r.Streaming.MipBias:0]]
[2020.03.17-01.47.49:549][  0]LogConfig: Setting CVar [[r.Streaming.AmortizeCPUToGPUCopy:0]]
[2020.03.17-01.47.49:549][  0]LogConfig: Setting CVar [[r.Streaming.MaxNumTexturesToStreamPerFrame:0]]
[2020.03.17-01.47.49:549][  0]LogConfig: Setting CVar [[r.Streaming.Boost:1]]
[2020.03.17-01.47.49:549][  0]LogConfig: Setting CVar [[r.MaxAnisotropy:8]]
[2020.03.17-01.47.49:549][  0]LogConfig: Setting CVar [[r.Streaming.LimitPoolSizeToVRAM:0]]
[2020.03.17-01.47.49:549][  0]LogConfig: Setting CVar [[r.Streaming.PoolSize:1000]]
[2020.03.17-01.47.49:549][  0]LogConfig: Setting CVar [[r.Streaming.MaxEffectiveScreenSize:0]]
[2020.03.17-01.47.49:549][  0]LogConfig: Applying CVar settings from Section [EffectsQuality@3] File [E:/BA2b Dump/Harry-Trash/Saved/Config/Windows/Scalability.ini]
[2020.03.17-01.47.49:549][  0]LogConfig: Setting CVar [[r.TranslucencyLightingVolumeDim:64]]
[2020.03.17-01.47.49:549][  0]LogConfig: Setting CVar [[r.RefractionQuality:2]]
[2020.03.17-01.47.49:549][  0]LogConfig: Setting CVar [[r.SSR.Quality:3]]
[2020.03.17-01.47.49:549][  0]LogConfig: Setting CVar [[r.SceneColorFormat:4]]
[2020.03.17-01.47.49:549][  0]LogConfig: Setting CVar [[r.DetailMode:2]]
[2020.03.17-01.47.49:549][  0]LogConfig: Setting CVar [[r.TranslucencyVolumeBlur:1]]
[2020.03.17-01.47.49:549][  0]LogConfig: Setting CVar [[r.MaterialQualityLevel:1 ; High quality]]
[2020.03.17-01.47.49:549][  0]LogConfig: Setting CVar [[r.SSS.Scale:1]]
[2020.03.17-01.47.49:549][  0]LogConfig: Setting CVar [[r.SSS.SampleSet:2]]
[2020.03.17-01.47.49:549][  0]LogConfig: Setting CVar [[r.SSS.Quality:1]]
[2020.03.17-01.47.49:549][  0]LogConfig: Setting CVar [[r.SSS.HalfRes:1]]
[2020.03.17-01.47.49:549][  0]LogConfig: Setting CVar [[r.EmitterSpawnRateScale:1.0]]
[2020.03.17-01.47.49:549][  0]LogConfig: Setting CVar [[r.ParticleLightQuality:2]]
[2020.03.17-01.47.49:549][  0]LogConfig: Applying CVar settings from Section [FoliageQuality@3] File [E:/BA2b Dump/Harry-Trash/Saved/Config/Windows/Scalability.ini]
[2020.03.17-01.47.49:549][  0]LogConfig: Setting CVar [[foliage.DensityScale:1.0]]
[2020.03.17-01.47.49:549][  0]LogConfig: Setting CVar [[grass.DensityScale:1.0]]
[2020.03.17-01.47.49:549][  0]LogInit: Selected Device Profile: [Windows]
[2020.03.17-01.47.49:549][  0]LogInit: Applying CVar settings loaded from the selected device profile: [Windows]
[2020.03.17-01.47.49:554][  0]LogHAL: Display: Platform has ~ 16 GB [17093107712 / 17179869184 / 16], which maps to Larger [LargestMinGB=32, LargerMinGB=12, DefaultMinGB=8, SmallerMinGB=6, SmallestMinGB=0)
[2020.03.17-01.47.49:554][  0]LogInit: Going up to parent DeviceProfile []
[2020.03.17-01.47.49:554][  0]LogConfig: Applying CVar settings from Section [ViewDistanceQuality@3] File [E:/BA2b Dump/Harry-Trash/Saved/Config/Windows/Scalability.ini]
[2020.03.17-01.47.49:554][  0]LogConfig: Setting CVar [[r.SkeletalMeshLODBias:0]]
[2020.03.17-01.47.49:554][  0]LogConfig: Setting CVar [[r.ViewDistanceScale:1.0]]
[2020.03.17-01.47.49:554][  0]LogConfig: Applying CVar settings from Section [AntiAliasingQuality@3] File [E:/BA2b Dump/Harry-Trash/Saved/Config/Windows/Scalability.ini]
[2020.03.17-01.47.49:554][  0]LogConfig: Setting CVar [[r.PostProcessAAQuality:4]]
[2020.03.17-01.47.49:554][  0]LogConfig: Applying CVar settings from Section [ShadowQuality@3] File [E:/BA2b Dump/Harry-Trash/Saved/Config/Windows/Scalability.ini]
[2020.03.17-01.47.49:554][  0]LogConfig: Setting CVar [[r.LightFunctionQuality:1]]
[2020.03.17-01.47.49:554][  0]LogConfig: Setting CVar [[r.ShadowQuality:5]]
[2020.03.17-01.47.49:554][  0]LogConfig: Setting CVar [[r.Shadow.CSM.MaxCascades:10]]
[2020.03.17-01.47.49:554][  0]LogConfig: Setting CVar [[r.Shadow.MaxResolution:2048]]
[2020.03.17-01.47.49:554][  0]LogConfig: Setting CVar [[r.Shadow.MaxCSMResolution:2048]]
[2020.03.17-01.47.49:554][  0]LogConfig: Setting CVar [[r.Shadow.RadiusThreshold:0.01]]
[2020.03.17-01.47.49:554][  0]LogConfig: Setting CVar [[r.Shadow.DistanceScale:1.0]]
[2020.03.17-01.47.49:554][  0]LogConfig: Setting CVar [[r.Shadow.CSM.TransitionScale:1.0]]
[2020.03.17-01.47.49:554][  0]LogConfig: Setting CVar [[r.Shadow.PreShadowResolutionFactor:1.0]]
[2020.03.17-01.47.49:554][  0]LogConfig: Setting CVar [[r.DistanceFieldShadowing:1]]
[2020.03.17-01.47.49:554][  0]LogConfig: Setting CVar [[r.DistanceFieldAO:1]]
[2020.03.17-01.47.49:554][  0]LogConfig: Setting CVar [[r.AOQuality:2]]
[2020.03.17-01.47.49:554][  0]LogConfig: Setting CVar [[r.VolumetricFog:1]]
[2020.03.17-01.47.49:554][  0]LogConfig: Setting CVar [[r.VolumetricFog.GridPixelSize:8]]
[2020.03.17-01.47.49:554][  0]LogConfig: Setting CVar [[r.VolumetricFog.GridSizeZ:128]]
[2020.03.17-01.47.49:554][  0]LogConfig: Setting CVar [[r.VolumetricFog.HistoryMissSupersampleCount:4]]
[2020.03.17-01.47.49:554][  0]LogConfig: Setting CVar [[r.LightMaxDrawDistanceScale:1]]
[2020.03.17-01.47.49:554][  0]LogConfig: Setting CVar [[r.CapsuleShadows:1]]
[2020.03.17-01.47.49:554][  0]LogConfig: Applying CVar settings from Section [PostProcessQuality@3] File [E:/BA2b Dump/Harry-Trash/Saved/Config/Windows/Scalability.ini]
[2020.03.17-01.47.49:554][  0]LogConfig: Setting CVar [[r.MotionBlurQuality:4]]
[2020.03.17-01.47.49:554][  0]LogConfig: Setting CVar [[r.AmbientOcclusionMipLevelFactor:0.4]]
[2020.03.17-01.47.49:554][  0]LogConfig: Setting CVar [[r.AmbientOcclusionMaxQuality:100]]
[2020.03.17-01.47.49:554][  0]LogConfig: Setting CVar [[r.AmbientOcclusionLevels:-1]]
[2020.03.17-01.47.49:554][  0]LogConfig: Setting CVar [[r.AmbientOcclusionRadiusScale:1.0]]
[2020.03.17-01.47.49:554][  0]LogConfig: Setting CVar [[r.DepthOfFieldQuality:2]]
[2020.03.17-01.47.49:554][  0]LogConfig: Setting CVar [[r.RenderTargetPoolMin:400]]
[2020.03.17-01.47.49:554][  0]LogConfig: Setting CVar [[r.LensFlareQuality:2]]
[2020.03.17-01.47.49:554][  0]LogConfig: Setting CVar [[r.SceneColorFringeQuality:1]]
[2020.03.17-01.47.49:554][  0]LogConfig: Setting CVar [[r.EyeAdaptationQuality:2]]
[2020.03.17-01.47.49:554][  0]LogConfig: Setting CVar [[r.BloomQuality:5]]
[2020.03.17-01.47.49:554][  0]LogConfig: Setting CVar [[r.FastBlurThreshold:100]]
[2020.03.17-01.47.49:554][  0]LogConfig: Setting CVar [[r.Upscale.Quality:3]]
[2020.03.17-01.47.49:554][  0]LogConfig: Setting CVar [[r.Tonemapper.GrainQuantization:1]]
[2020.03.17-01.47.49:554][  0]LogConfig: Setting CVar [[r.LightShaftQuality:1]]
[2020.03.17-01.47.49:554][  0]LogConfig: Setting CVar [[r.Filter.SizeScale:1]]
[2020.03.17-01.47.49:554][  0]LogConfig: Setting CVar [[r.Tonemapper.Quality:5]]
[2020.03.17-01.47.49:554][  0]LogConfig: Setting CVar [[r.DOF.Gather.AccumulatorQuality:1        ; higher gathering accumulator quality]]
[2020.03.17-01.47.49:554][  0]LogConfig: Setting CVar [[r.DOF.Gather.PostfilterMethod:1          ; Median3x3 postfilering method]]
[2020.03.17-01.47.49:554][  0]LogConfig: Setting CVar [[r.DOF.Gather.EnableBokehSettings:0       ; no bokeh simulation when gathering]]
[2020.03.17-01.47.49:554][  0]LogConfig: Setting CVar [[r.DOF.Gather.RingCount:4                 ; medium number of samples when gathering]]
[2020.03.17-01.47.49:554][  0]LogConfig: Setting CVar [[r.DOF.Scatter.ForegroundCompositing:1    ; additive foreground scattering]]
[2020.03.17-01.47.49:554][  0]LogConfig: Setting CVar [[r.DOF.Scatter.BackgroundCompositing:2    ; additive background scattering]]
[2020.03.17-01.47.49:554][  0]LogConfig: Setting CVar [[r.DOF.Scatter.EnableBokehSettings:1      ; bokeh simulation when scattering]]
[2020.03.17-01.47.49:554][  0]LogConfig: Setting CVar [[r.DOF.Scatter.MaxSpriteRatio:0.1         ; only a maximum of 10% of scattered bokeh]]
[2020.03.17-01.47.49:554][  0]LogConfig: Setting CVar [[r.DOF.Recombine.Quality:1                ; cheap slight out of focus]]
[2020.03.17-01.47.49:554][  0]LogConfig: Setting CVar [[r.DOF.Recombine.EnableBokehSettings:0    ; no bokeh simulation on slight out of focus]]
[2020.03.17-01.47.49:554][  0]LogConfig: Setting CVar [[r.DOF.TemporalAAQuality:1                ; more stable temporal accumulation]]
[2020.03.17-01.47.49:554][  0]LogConfig: Setting CVar [[r.DOF.Kernel.MaxForegroundRadius:0.025]]
[2020.03.17-01.47.49:554][  0]LogConfig: Setting CVar [[r.DOF.Kernel.MaxBackgroundRadius:0.025]]
[2020.03.17-01.47.49:554][  0]LogConfig: Applying CVar settings from Section [TextureQuality@3] File [E:/BA2b Dump/Harry-Trash/Saved/Config/Windows/Scalability.ini]
[2020.03.17-01.47.49:554][  0]LogConfig: Setting CVar [[r.Streaming.MipBias:0]]
[2020.03.17-01.47.49:554][  0]LogConfig: Setting CVar [[r.Streaming.AmortizeCPUToGPUCopy:0]]
[2020.03.17-01.47.49:554][  0]LogConfig: Setting CVar [[r.Streaming.MaxNumTexturesToStreamPerFrame:0]]
[2020.03.17-01.47.49:554][  0]LogConfig: Setting CVar [[r.Streaming.Boost:1]]
[2020.03.17-01.47.49:555][  0]LogConfig: Setting CVar [[r.MaxAnisotropy:8]]
[2020.03.17-01.47.49:555][  0]LogConfig: Setting CVar [[r.Streaming.LimitPoolSizeToVRAM:0]]
[2020.03.17-01.47.49:555][  0]LogConfig: Setting CVar [[r.Streaming.PoolSize:1000]]
[2020.03.17-01.47.49:555][  0]LogConfig: Setting CVar [[r.Streaming.MaxEffectiveScreenSize:0]]
[2020.03.17-01.47.49:555][  0]LogConfig: Applying CVar settings from Section [EffectsQuality@3] File [E:/BA2b Dump/Harry-Trash/Saved/Config/Windows/Scalability.ini]
[2020.03.17-01.47.49:555][  0]LogConfig: Setting CVar [[r.TranslucencyLightingVolumeDim:64]]
[2020.03.17-01.47.49:555][  0]LogConfig: Setting CVar [[r.RefractionQuality:2]]
[2020.03.17-01.47.49:555][  0]LogConfig: Setting CVar [[r.SSR.Quality:3]]
[2020.03.17-01.47.49:555][  0]LogConfig: Setting CVar [[r.SceneColorFormat:4]]
[2020.03.17-01.47.49:555][  0]LogConfig: Setting CVar [[r.DetailMode:2]]
[2020.03.17-01.47.49:555][  0]LogConfig: Setting CVar [[r.TranslucencyVolumeBlur:1]]
[2020.03.17-01.47.49:555][  0]LogConfig: Setting CVar [[r.MaterialQualityLevel:1 ; High quality]]
[2020.03.17-01.47.49:555][  0]LogConfig: Setting CVar [[r.SSS.Scale:1]]
[2020.03.17-01.47.49:555][  0]LogConfig: Setting CVar [[r.SSS.SampleSet:2]]
[2020.03.17-01.47.49:555][  0]LogConfig: Setting CVar [[r.SSS.Quality:1]]
[2020.03.17-01.47.49:555][  0]LogConfig: Setting CVar [[r.SSS.HalfRes:1]]
[2020.03.17-01.47.49:555][  0]LogConfig: Setting CVar [[r.EmitterSpawnRateScale:1.0]]
[2020.03.17-01.47.49:555][  0]LogConfig: Setting CVar [[r.ParticleLightQuality:2]]
[2020.03.17-01.47.49:555][  0]LogConfig: Applying CVar settings from Section [FoliageQuality@3] File [E:/BA2b Dump/Harry-Trash/Saved/Config/Windows/Scalability.ini]
[2020.03.17-01.47.49:555][  0]LogConfig: Setting CVar [[foliage.DensityScale:1.0]]
[2020.03.17-01.47.49:555][  0]LogConfig: Setting CVar [[grass.DensityScale:1.0]]
[2020.03.17-01.47.49:555][  0]LogConfig: Applying CVar settings from Section [Startup] File [../../../Engine/Config/ConsoleVariables.ini]
[2020.03.17-01.47.49:555][  0]LogConfig: Setting CVar [[net.UseAdaptiveNetUpdateFrequency:0]]
[2020.03.17-01.47.49:555][  0]LogConfig: Setting CVar [[p.chaos.AllowCreatePhysxBodies:1]]
[2020.03.17-01.47.49:555][  0]LogConfig: Applying CVar settings from Section [ConsoleVariables] File [E:/BA2b Dump/Harry-Trash/Saved/Config/Windows/Engine.ini]
[2020.03.17-01.47.49:555][  0]LogInit: Computer: HAPPLEBY
[2020.03.17-01.47.49:555][  0]LogInit: User: Apple
[2020.03.17-01.47.49:555][  0]LogInit: CPU Page size=4096, Cores=8
[2020.03.17-01.47.49:555][  0]LogInit: High frequency timer resolution =10.000000 MHz
[2020.03.17-01.47.49:555][  0]LogMemory: Memory total: Physical=15.9GB (16GB approx)
[2020.03.17-01.47.49:555][  0]LogMemory: Platform Memory Stats for Windows
[2020.03.17-01.47.49:555][  0]LogMemory: Process Physical Memory: 102.01 MB used, 102.01 MB peak
[2020.03.17-01.47.49:555][  0]LogMemory: Process Virtual Memory: 102.35 MB used, 102.35 MB peak
[2020.03.17-01.47.49:555][  0]LogMemory: Physical Memory: 6487.76 MB used,  9813.50 MB free, 16301.26 MB total
[2020.03.17-01.47.49:555][  0]LogMemory: Virtual Memory: 4703.21 MB used,  134213024.00 MB free, 134217728.00 MB total
[2020.03.17-01.47.49:558][  0]LogWindows: WindowsPlatformFeatures enabled
[2020.03.17-01.47.49:579][  0]LogInit: Using OS detected language (en-GB).
[2020.03.17-01.47.49:579][  0]LogInit: Using OS detected locale (en-GB).
[2020.03.17-01.47.49:580][  0]LogTextLocalizationManager: No specific localization for 'en-GB' exists, so the 'en' localization will be used.
[2020.03.17-01.47.49:719][  0]LogInit: Setting process to per monitor DPI aware
[2020.03.17-01.47.49:762][  0]LogSlate: New Slate User Created.  User Index 0, Is Virtual User: 0
[2020.03.17-01.47.49:762][  0]LogSlate: Slate User Registered.  User Index 0, Is Virtual User: 0
[2020.03.17-01.47.49:928][  0]LogHMD: Failed to initialize OpenVR with code 110
[2020.03.17-01.47.49:928][  0]LogD3D11RHI: D3D11 adapters:
[2020.03.17-01.47.49:991][  0]LogD3D11RHI:    0. 'NVIDIA GeForce GTX 1660 SUPER' (Feature Level 11_0)
[2020.03.17-01.47.49:991][  0]LogD3D11RHI:       5991/0/8150 MB DedicatedVideo/DedicatedSystem/SharedSystem, Outputs:2, VendorId:0x10de
[2020.03.17-01.47.49:993][  0]LogD3D11RHI:    1. 'Microsoft Basic Render Driver' (Feature Level 11_0)
[2020.03.17-01.47.49:993][  0]LogD3D11RHI:       0/0/8150 MB DedicatedVideo/DedicatedSystem/SharedSystem, Outputs:0, VendorId:0x1414
[2020.03.17-01.47.49:993][  0]LogD3D11RHI: Chosen D3D11 Adapter: 0
[2020.03.17-01.47.50:002][  0]LogD3D11RHI: Creating new Direct3DDevice
[2020.03.17-01.47.50:002][  0]LogD3D11RHI:     GPU DeviceId: 0x21c4 (for the marketing name, search the web for "GPU Device Id")
[2020.03.17-01.47.50:002][  0]LogWindows: EnumDisplayDevices:
[2020.03.17-01.47.50:002][  0]LogWindows:    0. 'NVIDIA GeForce GTX 1660 SUPER' (P:1 D:1)
[2020.03.17-01.47.50:003][  0]LogWindows:    1. 'NVIDIA GeForce GTX 1660 SUPER' (P:0 D:1)
[2020.03.17-01.47.50:003][  0]LogWindows:    2. 'NVIDIA GeForce GTX 1660 SUPER' (P:0 D:0)
[2020.03.17-01.47.50:003][  0]LogWindows:    3. 'NVIDIA GeForce GTX 1660 SUPER' (P:0 D:0)
[2020.03.17-01.47.50:003][  0]LogWindows: DebugString: FoundDriverCount:4 
[2020.03.17-01.47.50:003][  0]LogD3D11RHI:     Adapter Name: NVIDIA GeForce GTX 1660 SUPER
[2020.03.17-01.47.50:003][  0]LogD3D11RHI:   Driver Version: 442.50 (internal:26.21.14.4250, unified:442.50)
[2020.03.17-01.47.50:003][  0]LogD3D11RHI:      Driver Date: 2-24-2020
[2020.03.17-01.47.50:003][  0]LogRHI: Texture pool is 4193 MB (70% of 5991 MB)
[2020.03.17-01.47.50:038][  0]LogD3D11RHI: Async texture creation enabled
[2020.03.17-01.47.50:058][  0]LogD3D11RHI: GPU Timing Frequency: 1000.000000 (Debug: 2 1)
[2020.03.17-01.47.50:269][  0]LogTemp: Display: Module 'AllDesktopTargetPlatform' loaded TargetPlatform 'AllDesktop'
[2020.03.17-01.47.50:276][  0]LogTemp: Display: Module 'MacClientTargetPlatform' loaded TargetPlatform 'MacClient'
[2020.03.17-01.47.50:282][  0]LogTemp: Display: Module 'MacNoEditorTargetPlatform' loaded TargetPlatform 'MacNoEditor'
[2020.03.17-01.47.50:288][  0]LogTemp: Display: Module 'MacServerTargetPlatform' loaded TargetPlatform 'MacServer'
[2020.03.17-01.47.50:295][  0]LogTemp: Display: Module 'MacTargetPlatform' loaded TargetPlatform 'Mac'
[2020.03.17-01.47.50:301][  0]LogTemp: Display: Module 'WindowsClientTargetPlatform' loaded TargetPlatform 'WindowsClient'
[2020.03.17-01.47.50:307][  0]LogTemp: Display: Module 'WindowsNoEditorTargetPlatform' loaded TargetPlatform 'WindowsNoEditor'
[2020.03.17-01.47.50:313][  0]LogTemp: Display: Module 'WindowsServerTargetPlatform' loaded TargetPlatform 'WindowsServer'
[2020.03.17-01.47.50:318][  0]LogTemp: Display: Module 'WindowsTargetPlatform' loaded TargetPlatform 'Windows'
[2020.03.17-01.47.50:344][  0]LogTemp: Display: Module 'AndroidTargetPlatform' loaded TargetPlatform 'Android'
[2020.03.17-01.47.50:344][  0]LogTemp: Display: Module 'AndroidTargetPlatform' loaded TargetPlatform 'Android_ASTC'
[2020.03.17-01.47.50:344][  0]LogTemp: Display: Module 'AndroidTargetPlatform' loaded TargetPlatform 'Android_ATC'
[2020.03.17-01.47.50:344][  0]LogTemp: Display: Module 'AndroidTargetPlatform' loaded TargetPlatform 'Android_DXT'
[2020.03.17-01.47.50:344][  0]LogTemp: Display: Module 'AndroidTargetPlatform' loaded TargetPlatform 'Android_ETC1'
[2020.03.17-01.47.50:344][  0]LogTemp: Display: Module 'AndroidTargetPlatform' loaded TargetPlatform 'Android_ETC1a'
[2020.03.17-01.47.50:344][  0]LogTemp: Display: Module 'AndroidTargetPlatform' loaded TargetPlatform 'Android_ETC2'
[2020.03.17-01.47.50:344][  0]LogTemp: Display: Module 'AndroidTargetPlatform' loaded TargetPlatform 'Android_PVRTC'
[2020.03.17-01.47.50:344][  0]LogTemp: Display: Module 'AndroidTargetPlatform' loaded TargetPlatform 'AndroidClient'
[2020.03.17-01.47.50:344][  0]LogTemp: Display: Module 'AndroidTargetPlatform' loaded TargetPlatform 'Android_ASTCClient'
[2020.03.17-01.47.50:344][  0]LogTemp: Display: Module 'AndroidTargetPlatform' loaded TargetPlatform 'Android_ATCClient'
[2020.03.17-01.47.50:344][  0]LogTemp: Display: Module 'AndroidTargetPlatform' loaded TargetPlatform 'Android_DXTClient'
[2020.03.17-01.47.50:344][  0]LogTemp: Display: Module 'AndroidTargetPlatform' loaded TargetPlatform 'Android_ETC1Client'
[2020.03.17-01.47.50:344][  0]LogTemp: Display: Module 'AndroidTargetPlatform' loaded TargetPlatform 'Android_ETC1aClient'
[2020.03.17-01.47.50:344][  0]LogTemp: Display: Module 'AndroidTargetPlatform' loaded TargetPlatform 'Android_ETC2Client'
[2020.03.17-01.47.50:344][  0]LogTemp: Display: Module 'AndroidTargetPlatform' loaded TargetPlatform 'Android_PVRTCClient'
[2020.03.17-01.47.50:344][  0]LogTemp: Display: Module 'AndroidTargetPlatform' loaded TargetPlatform 'Android_Multi'
[2020.03.17-01.47.50:344][  0]LogTemp: Display: Module 'AndroidTargetPlatform' loaded TargetPlatform 'Android_MultiClient'
[2020.03.17-01.47.50:346][  0]LogTemp: Display: Module 'HTML5TargetPlatform' loaded TargetPlatform 'HTML5'
[2020.03.17-01.47.50:360][  0]LogTemp: Display: Module 'IOSTargetPlatform' loaded TargetPlatform 'IOSClient'
[2020.03.17-01.47.50:360][  0]LogTemp: Display: Module 'IOSTargetPlatform' loaded TargetPlatform 'IOS'
[2020.03.17-01.47.50:374][  0]LogTemp: Display: Module 'TVOSTargetPlatform' loaded TargetPlatform 'TVOSClient'
[2020.03.17-01.47.50:374][  0]LogTemp: Display: Module 'TVOSTargetPlatform' loaded TargetPlatform 'TVOS'
[2020.03.17-01.47.50:381][  0]LogTemp: Display: Module 'LinuxClientTargetPlatform' loaded TargetPlatform 'LinuxClient'
[2020.03.17-01.47.50:388][  0]LogTemp: Display: Module 'LinuxNoEditorTargetPlatform' loaded TargetPlatform 'LinuxNoEditor'
[2020.03.17-01.47.50:395][  0]LogTemp: Display: Module 'LinuxServerTargetPlatform' loaded TargetPlatform 'LinuxServer'
[2020.03.17-01.47.50:403][  0]LogTemp: Display: Module 'LinuxTargetPlatform' loaded TargetPlatform 'Linux'
[2020.03.17-01.47.50:426][  0]LogTemp: Display: Module 'LuminTargetPlatform' loaded TargetPlatform 'Lumin'
[2020.03.17-01.47.50:426][  0]LogTemp: Display: Module 'LuminTargetPlatform' loaded TargetPlatform 'LuminClient'
[2020.03.17-01.47.50:426][  0]LogTargetPlatformManager: Display: Building Assets For Windows
[2020.03.17-01.47.50:433][  0]LogAudioDebug: Display: Lib vorbis DLL was dynamically loaded.
[2020.03.17-01.47.50:469][  0]LogShaderCompilers: Guid format shader working directory is 21 characters bigger than the processId version (E:/BA2b Dump/Harry-Trash/Intermediate/Shaders/WorkingDirectory/28108/).
[2020.03.17-01.47.50:469][  0]LogShaderCompilers: Cleaned the shader compiler working directory 'C:/Users/Apple/AppData/Local/Temp/UnrealShaderWorkingDir/FCB7A49F4D6D6B0B5D1D2483EE5EA1D1/'.
[2020.03.17-01.47.50:471][  0]LogXGEController: Cleaning working directory: C:/Users/Apple/AppData/Local/Temp/UnrealXGEWorkingDir/
[2020.03.17-01.47.50:471][  0]LogXGEController: Cannot use XGE Controller as Incredibuild is not installed on this machine.
[2020.03.17-01.47.50:471][  0]LogShaderCompilers: Cannot use XGE Shader Compiler as Incredibuild is not installed on this machine.
[2020.03.17-01.47.50:471][  0]LogShaderCompilers: Display: Using Local Shader Compiler.
[2020.03.17-01.47.50:981][  0]LogDerivedDataCache: Display: Max Cache Size: 512 MB
[2020.03.17-01.47.51:015][  0]LogDerivedDataCache: Loaded boot cache 0.03s 74MB C:/Users/Apple/AppData/Local/UnrealEngine/4.23/DerivedDataCache/Boot.ddc.
[2020.03.17-01.47.51:015][  0]LogDerivedDataCache: Display: Loaded Boot cache: C:/Users/Apple/AppData/Local/UnrealEngine/4.23/DerivedDataCache/Boot.ddc
[2020.03.17-01.47.51:015][  0]LogDerivedDataCache: FDerivedDataBackendGraph:  Pak pak cache file E:/BA2b Dump/Harry-Trash/DerivedDataCache/DDC.ddp not found, will not use a pak cache.
[2020.03.17-01.47.51:015][  0]LogDerivedDataCache: Unable to find inner node Pak for hierarchical cache Hierarchy.
[2020.03.17-01.47.51:015][  0]LogDerivedDataCache: FDerivedDataBackendGraph:  CompressedPak pak cache file E:/BA2b Dump/Harry-Trash/DerivedDataCache/Compressed.ddp not found, will not use a pak cache.
[2020.03.17-01.47.51:015][  0]LogDerivedDataCache: Unable to find inner node CompressedPak for hierarchical cache Hierarchy.
[2020.03.17-01.47.51:025][  0]LogDerivedDataCache: Display: Pak cache opened for reading ../../../Engine/DerivedDataCache/Compressed.ddp.
[2020.03.17-01.47.51:025][  0]LogDerivedDataCache: FDerivedDataBackendGraph:  EnterprisePak pak cache file ../../../Enterprise/DerivedDataCache/Compressed.ddp not found, will not use a pak cache.
[2020.03.17-01.47.51:025][  0]LogDerivedDataCache: Unable to find inner node EnterprisePak for hierarchical cache Hierarchy.
[2020.03.17-01.47.51:026][  0]LogDerivedDataCache: Using Local data cache path C:/Users/Apple/AppData/Local/UnrealEngine/Common/DerivedDataCache: Writable
[2020.03.17-01.47.51:026][  0]LogDerivedDataCache: Shared data cache path not found in *engine.ini, will not use an Shared cache.
[2020.03.17-01.47.51:026][  0]LogDerivedDataCache: Unable to find inner node Shared for hierarchical cache Hierarchy.
[2020.03.17-01.47.51:042][  0]LogMaterial: Verifying Global Shaders for PCD3D_SM5
[2020.03.17-01.47.51:045][  0]LogSlate: Using FreeType 2.6.0
[2020.03.17-01.47.51:045][  0]LogSlate: SlateFontServices - WITH_FREETYPE: 1, WITH_HARFBUZZ: 1
[2020.03.17-01.47.51:094][  0]LogAssetRegistry: FAssetRegistry took 0.0036 seconds to start up
[2020.03.17-01.47.51:458][  0]LogInit: Selected Device Profile: [Windows]
[2020.03.17-01.47.51:565][  0]LogMeshReduction: Using QuadricMeshReduction for automatic static mesh reduction
[2020.03.17-01.47.51:565][  0]LogMeshReduction: Using SimplygonMeshReduction for automatic skeletal mesh reduction
[2020.03.17-01.47.51:565][  0]LogMeshReduction: Using ProxyLODMeshReduction for automatic mesh merging
[2020.03.17-01.47.51:565][  0]LogMeshReduction: No distributed automatic mesh merging module available
[2020.03.17-01.47.51:565][  0]LogMeshMerging: No distributed automatic mesh merging module available
[2020.03.17-01.47.51:573][  0]LogNetVersion: BA2b 1.0.0, NetCL: 8386587, EngineNetVer: 11, GameNetVer: 0 (Checksum: 1590860442)
[2020.03.17-01.47.52:949][  0]LogPackageLocalizationCache: Processed 12 localized package path(s) for 1 prioritized culture(s) in 1.105976 seconds
[2020.03.17-01.47.52:956][  0]LogUObjectArray: 43444 objects as part of root set at end of initial load.
[2020.03.17-01.47.52:956][  0]LogUObjectAllocator: 7548648 out of 0 bytes used by permanent object pool.
[2020.03.17-01.47.52:956][  0]LogUObjectArray: CloseDisregardForGC: 0/0 objects in disregard for GC pool
[2020.03.17-01.47.53:653][  0]LogTcpMessaging: Initializing TcpMessaging bridge
[2020.03.17-01.47.53:656][  0]LogUdpMessaging: Initializing bridge on interface 0.0.0.0:0 to multicast group 230.0.0.1:6666.
[2020.03.17-01.47.53:721][  0]SourceControl: Source control is disabled
[2020.03.17-01.47.53:722][  0]SourceControl: Source control is disabled
[2020.03.17-01.47.53:723][  0]SourceControl: Source control is disabled
[2020.03.17-01.47.53:723][  0]SourceControl: Source control is disabled
[2020.03.17-01.47.53:730][  0]LogVSAccessor: Display: Unable to create Visual Studio setup instance: 80040154
[2020.03.17-01.47.53:730][  0]LogVSAccessor: Display: Unable to create Visual Studio setup instance: 80040154
[2020.03.17-01.47.53:818][  0]LogAndroidPermission: UAndroidPermissionCallbackProxy::GetInstance
[2020.03.17-01.47.53:930][  0]LogOcInput: OculusInput pre-init called
[2020.03.17-01.47.53:935][  0]LogWindows: Failed to load 'OVRPlugin.dll' (GetLastError=126)
[2020.03.17-01.47.53:935][  0]LogWindows: File 'OVRPlugin.dll' does not exist
[2020.03.17-01.47.53:991][  0]LogEngine: Initializing Engine...
[2020.03.17-01.47.53:991][  0]LogHMD: Failed to initialize OpenVR with code 110
[2020.03.17-01.47.53:992][  0]LogStats: UGameplayTagsManager::InitializeManager -  0.000 s
[2020.03.17-01.47.54:154][  0]LogInit: Initializing FReadOnlyCVARCache
[2020.03.17-01.47.54:164][  0]LogAIModule: Creating AISystem for world Untitled
[2020.03.17-01.47.54:181][  0]LogInit: XAudio2 using 'Speakers (G433 Gaming Headset)' : 6 channels at 48 kHz using 16 bits per sample (channel mask 0x3f)
[2020.03.17-01.47.54:195][  0]LogInit: FAudioDevice initialized.
[2020.03.17-01.47.54:195][  0]LogNetVersion: Set ProjectVersion to 1.0.0.0. Version Checksum will be recalculated on next use.
[2020.03.17-01.47.54:244][  0]LogDerivedDataCache: Saved boot cache 0.05s 74MB C:/Users/Apple/AppData/Local/UnrealEngine/4.23/DerivedDataCache/Boot.ddc.
[2020.03.17-01.47.54:249][  0]LogInit: Texture streaming: Enabled
[2020.03.17-01.47.54:263][  0]LogEngineSessionManager: EngineSessionManager initialized
[2020.03.17-01.47.54:263][  0]LogEditorSessionSummary: Verbose: Initializing EditorSessionSummaryWriter for editor session tracking
[2020.03.17-01.47.54:263][  0]LogEditorSessionSummary: EditorSessionSummaryWriter initialized
[2020.03.17-01.47.54:538][  0]LogInit: Transaction tracking system initialized
[2020.03.17-01.47.54:558][  0]BlueprintLog: New page: Editor Load
[2020.03.17-01.47.54:609][  0]LocalizationService: Localization service is disabled
[2020.03.17-01.47.54:676][  0]LogVSAccessor: Display: Unable to create Visual Studio setup instance: 80040154
[2020.03.17-01.47.54:677][  0]LogVSAccessor: Display: Unable to create Visual Studio setup instance: 80040154
[2020.03.17-01.47.54:793][  0]LogFileCache: Scanning file cache for directory 'E:/BA2b Dump/Harry-Trash/Content/' took 0.00s
[2020.03.17-01.47.54:793][  0]LogCook: Display: Max memory allowance for cook 16384mb min free memory 0mb
[2020.03.17-01.47.54:793][  0]LogCook: Display: Mobile HDR setting 1
[2020.03.17-01.47.54:940][  0]SourceControl: Source control is disabled
[2020.03.17-01.47.54:940][  0]Cmd: MAP LOAD FILE="../../../Engine/Content/Maps/Templates/Template_Default.umap" TEMPLATE=1 SHOWPROGRESS=1 FEATURELEVEL=3
[2020.03.17-01.47.54:941][  0]LightingResults: New page: Lighting Build
[2020.03.17-01.47.54:942][  0]LogWorld: UWorld::CleanupWorld for Untitled, bSessionEnded=true, bCleanupResources=true
[2020.03.17-01.47.54:942][  0]MapCheck: New page: Map Check
[2020.03.17-01.47.54:943][  0]LightingResults: New page: Lighting Build
[2020.03.17-01.47.54:969][  0]LogUObjectHash: Compacting FUObjectHashTables data took   1.51ms
[2020.03.17-01.47.55:026][  0]LogAIModule: Creating AISystem for world Untitled_1
[2020.03.17-01.47.55:029][  0]LogEditorServer: Finished looking for orphan Actors (0.000 secs)
[2020.03.17-01.47.55:055][  0]LogUObjectHash: Compacting FUObjectHashTables data took   1.78ms
[2020.03.17-01.47.55:055][  0]Cmd: MAP CHECKDEP NOCLEARLOG
[2020.03.17-01.47.55:055][  0]MapCheck: Map check complete: 0 Error(s), 0 Warning(s), took 0.112ms to complete.
[2020.03.17-01.47.55:055][  0]LogFileHelpers: Loading map 'Template_Default' took 0.115
[2020.03.17-01.47.55:169][  0]LogSlate: Updating window title bar state: overlay mode, drag disabled, window buttons hidden, title bar hidden
[2020.03.17-01.47.55:175][  0]LogSlate: Updating window title bar state: overlay mode, drag disabled, window buttons hidden, title bar hidden
[2020.03.17-01.47.55:180][  0]LogSlate: Updating window title bar state: overlay mode, drag disabled, window buttons hidden, title bar hidden
[2020.03.17-01.47.55:186][  0]LogSlate: Updating window title bar state: overlay mode, drag disabled, window buttons hidden, title bar hidden
[2020.03.17-01.47.55:190][  0]LogCollectionManager: Loaded 0 collections in 0.000860 seconds
[2020.03.17-01.47.55:194][  0]LogFileCache: Scanning file cache for directory 'E:/BA2b Dump/Harry-Trash/Saved/Collections/' took 0.00s
[2020.03.17-01.47.55:194][  0]LogFileCache: Scanning file cache for directory 'E:/BA2b Dump/Harry-Trash/Content/Developers/Apple/Collections/' took 0.00s
[2020.03.17-01.47.55:194][  0]LogFileCache: Scanning file cache for directory 'E:/BA2b Dump/Harry-Trash/Content/Collections/' took 0.00s
[2020.03.17-01.47.55:194][  0]LogCollectionManager: Rebuilt the GUID cache for 0 collections in 0.000001 seconds
[2020.03.17-01.47.55:201][  0]LogContentBrowser: Native class hierarchy populated in 0.0071 seconds. Added 2863 classes and 680 folders.
[2020.03.17-01.47.55:205][  0]LogContentBrowser: Native class hierarchy updated for 'WidgetCarousel' in 0.0002 seconds. Added 0 classes and 0 folders.
[2020.03.17-01.47.55:246][  0]LogContentBrowser: Native class hierarchy updated for 'AddContentDialog' in 0.0002 seconds. Added 0 classes and 0 folders.
[2020.03.17-01.47.55:250][  0]LogContentBrowser: Native class hierarchy updated for 'SceneOutliner' in 0.0002 seconds. Added 1 classes and 2 folders.
[2020.03.17-01.47.55:265][  0]LogSlate: Took 0.000260 seconds to synchronously load lazily loaded font '../../../Engine/Content/Slate/Fonts/Roboto-Regular.ttf' (155K)
[2020.03.17-01.47.55:266][  0]LogSlate: Took 0.000144 seconds to synchronously load lazily loaded font '../../../Engine/Content/Slate/Fonts/Roboto-Bold.ttf' (160K)
[2020.03.17-01.47.55:269][  0]LogSlate: Took 0.000227 seconds to synchronously load lazily loaded font '../../../Engine/Content/Editor/Slate/Fonts/FontAwesome.ttf' (139K)
[2020.03.17-01.47.55:315][  0]LogRenderer: Reallocating scene render targets to support 1208x572 Format 10 NumSamples 1 (Frame:1).
[2020.03.17-01.47.55:456][  0]LogContentBrowser: Native class hierarchy updated for 'HierarchicalLODOutliner' in 0.0002 seconds. Added 0 classes and 0 folders.
[2020.03.17-01.47.55:456][  0]LogLoad: (Engine Initialization) Total time: 7.21 seconds
[2020.03.17-01.47.55:456][  0]LogLoad: (Engine Initialization) Total Blueprint compile time: 0.00 seconds
[2020.03.17-01.47.55:503][  0]LogAssetRegistry: Asset discovery search completed in 4.4095 seconds
[2020.03.17-01.47.55:506][  0]LogCollectionManager: Rebuilt the object cache for 0 collections in 0.000005 seconds (found 0 objects)
[2020.03.17-01.47.55:506][  0]LogCollectionManager: Fixed up redirectors for 0 collections in 0.000035 seconds (updated 0 objects)
[2020.03.17-01.47.55:507][  0]LogContentStreaming: Texture pool size now 1000 MB
[2020.03.17-01.47.55:520][  0]LogSlate: Took 0.000217 seconds to synchronously load lazily loaded font '../../../Engine/Content/Slate/Fonts/Roboto-Light.ttf' (167K)
[2020.03.17-01.47.56:601][  4]LogSlate: FSceneViewport::OnFocusLost() reason 0
[2020.03.17-01.47.59:352][303]LogSlate: Took 0.000219 seconds to synchronously load lazily loaded font '../../../Engine/Content/Slate/Fonts/Roboto-Light.ttf' (167K)
[2020.03.17-01.47.59:668][303]LogMaterial: Display: Missing cached shader map for material M_Water2, compiling. 
[2020.03.17-01.47.59:837][303]LogAIModule: Creating AISystem for world L_Level_1
[2020.03.17-01.47.59:842][303]LogShaderCompilers: Display: Worker (1/13): shaders left to compile 89
[2020.03.17-01.47.59:842][303]LogShaderCompilers: Display: Worker (2/13): shaders left to compile 81
[2020.03.17-01.47.59:842][303]LogShaderCompilers: Display: Worker (3/13): shaders left to compile 73
[2020.03.17-01.47.59:842][303]LogShaderCompilers: Display: Worker (4/13): shaders left to compile 65
[2020.03.17-01.47.59:842][303]LogShaderCompilers: Display: Worker (5/13): shaders left to compile 57
[2020.03.17-01.47.59:842][303]LogShaderCompilers: Display: Worker (6/13): shaders left to compile 49
[2020.03.17-01.47.59:842][303]LogShaderCompilers: Display: Worker (7/13): shaders left to compile 41
[2020.03.17-01.47.59:842][303]LogShaderCompilers: Display: Worker (8/13): shaders left to compile 33
[2020.03.17-01.47.59:842][303]LogShaderCompilers: Display: Worker (9/13): shaders left to compile 25
[2020.03.17-01.47.59:842][303]LogShaderCompilers: Display: Worker (10/13): shaders left to compile 17
[2020.03.17-01.47.59:842][303]LogShaderCompilers: Display: Worker (11/13): shaders left to compile 9
[2020.03.17-01.47.59:842][303]LogShaderCompilers: Display: Worker (12/13): shaders left to compile 1
[2020.03.17-01.47.59:850][303]LogAssetEditorManager: Opening Asset editor for World /Game/Levels/L_Level_1.L_Level_1
[2020.03.17-01.47.59:880][303]LogUObjectHash: Compacting FUObjectHashTables data took   2.37ms
[2020.03.17-01.47.59:881][303]Cmd: MAP LOAD FILE="E:/BA2b Dump/Harry-Trash/Content/Levels/L_Level_1.umap" TEMPLATE=0 SHOWPROGRESS=1 FEATURELEVEL=3
[2020.03.17-01.47.59:881][303]LightingResults: New page: Lighting Build
[2020.03.17-01.47.59:882][303]LoadErrors: New page: Loading map: L_Level_1.umap
[2020.03.17-01.47.59:882][303]LogWorld: UWorld::CleanupWorld for Untitled_1, bSessionEnded=true, bCleanupResources=true
[2020.03.17-01.47.59:882][303]MapCheck: New page: Map Check
[2020.03.17-01.47.59:882][303]LightingResults: New page: Lighting Build
[2020.03.17-01.47.59:909][303]LogUObjectHash: Compacting FUObjectHashTables data took   1.69ms
[2020.03.17-01.47.59:916][303]LogEditorServer: Finished looking for orphan Actors (0.000 secs)
[2020.03.17-01.47.59:945][303]LogUObjectHash: Compacting FUObjectHashTables data took   1.61ms
[2020.03.17-01.48.00:014][303]Cmd: MAP CHECKDEP NOCLEARLOG
[2020.03.17-01.48.00:015][303]MapCheck: Map check complete: 0 Error(s), 0 Warning(s), took 1.268ms to complete.
[2020.03.17-01.48.00:015][303]LogFileHelpers: Loading map 'L_Level_1' took 0.134
